<?xml version="1.0" encoding="UTF-8"?>
<!-- Generated by org.testng.reporters.JUnitReportReporter -->
<testsuite hostname="QT-INNO-LT0629" failures="0" tests="1" name="com.sky.qa.testcases.SchedulePageTest" time="13.936" errors="0" timestamp="29 Dec 2021 12:30:48 GMT" skipped="0">
  <testcase classname="com.sky.qa.testcases.SchedulePageTest" name="createSchedule" time="13.936"/>
</testsuite> <!-- com.sky.qa.testcases.SchedulePageTest -->
